<?xml version="1.0" encoding="UTF-8"?>
<testng-results ignored="0" total="2" passed="2" failed="0" skipped="0">
  <reporter-output>
  </reporter-output>
  <suite started-at="2022-07-29T10:29:02 IST" name="Default suite" finished-at="2022-07-29T10:29:02 IST" duration-ms="386">
    <groups>
    </groups>
    <test started-at="2022-07-29T10:29:02 IST" name="Default test" finished-at="2022-07-29T10:29:02 IST" duration-ms="386">
      <class name="testrunner.TestRunner">
        <test-method is-config="true" signature="getTeamRcbObject()[pri:0, instance:testrunner.TestRunner@6c80d78a]" started-at="2022-07-29T10:29:02 IST" name="getTeamRcbObject" finished-at="2022-07-29T10:29:02 IST" duration-ms="317" status="PASS">
          <reporter-output>
          </reporter-output>
        </test-method> <!-- getTeamRcbObject -->
        <test-method signature="checkForeignPlayers()[pri:0, instance:testrunner.TestRunner@6c80d78a]" started-at="2022-07-29T10:29:02 IST" name="checkForeignPlayers" finished-at="2022-07-29T10:29:02 IST" duration-ms="12" status="PASS">
          <reporter-output>
          </reporter-output>
        </test-method> <!-- checkForeignPlayers -->
        <test-method signature="checkWicketKeeper()[pri:0, instance:testrunner.TestRunner@6c80d78a]" started-at="2022-07-29T10:29:02 IST" name="checkWicketKeeper" finished-at="2022-07-29T10:29:02 IST" duration-ms="3" status="PASS">
          <reporter-output>
          </reporter-output>
        </test-method> <!-- checkWicketKeeper -->
      </class> <!-- testrunner.TestRunner -->
    </test> <!-- Default test -->
  </suite> <!-- Default suite -->
</testng-results>
